<?xml version="1.0" encoding="UTF-8"?>
<!-- Generated by org.testng.reporters.JUnitXMLReporter -->
<testsuite ignored="0" hostname="Sowmya" failures="1" tests="2" name="ATGProject" time="3.372" errors="0" timestamp="2024-07-02T15:42:40 CEST">
  <testcase classname="tests.ApiTests" name="test1" time="2.336">
    <failure type="java.lang.AssertionError" message="expected [200] but found [415]">
      <![CDATA[java.lang.AssertionError: expected [200] but found [415]
at tests.ApiTests.test1(tests.ApiTests.java:18)
at java.base/java.util.ArrayList.forEach(ArrayList.java:1511)
at com.intellij.rt.testng.IDEARemoteTestNG.run(IDEARemoteTestNG.java:66)
at com.intellij.rt.testng.RemoteTestNGStarter.main(RemoteTestNGStarter.java:105)
... Removed 29 stack frames]]>
    </failure>
  </testcase> <!-- test1 -->
  <testcase classname="tests.ApiTests" name="test2" time="0.975"/>
</testsuite> <!-- ATGProject -->
